JvmtiExport can_access_local_variables 0
JvmtiExport can_hotswap_or_post_breakpoint 0
JvmtiExport can_post_on_exceptions 0
# 354 ciObject found
ciMethod java/lang/Object <init> ()V 4097 1 8037425 0 0
ciMethod java/lang/Object getClass ()Ljava/lang/Class; 2049 1 256 0 -1
ciMethod java/lang/Object equals (Ljava/lang/Object;)Z 2049 1 253306 0 -1
ciMethod java/lang/System arraycopy (Ljava/lang/Object;ILjava/lang/Object;II)V 5121 1 640 0 -1
ciMethod java/lang/Thread currentThread ()Ljava/lang/Thread; 3073 1 384 0 -1
ciMethod java/lang/StringBuilder <init> (Ljava/lang/String;)V 1065 1 485444 0 -1
ciMethod java/lang/StringBuilder append (Ljava/lang/String;)Ljava/lang/StringBuilder; 953 1 1297192 0 -1
ciMethod java/lang/StringBuilder toString ()Ljava/lang/String; 609 1 554622 0 -1
ciMethod java/lang/Boolean booleanValue ()Z 1033 1 129 0 -1
ciMethod java/lang/Integer toHexString (I)Ljava/lang/String; 129 1 10836 0 -1
ciMethod java/util/List size ()I 0 0 1 0 -1
ciMethod java/util/List contains (Ljava/lang/Object;)Z 0 0 1 0 -1
ciMethod java/util/List iterator ()Ljava/util/Iterator; 0 0 1 0 -1
ciMethod java/util/List toArray ([Ljava/lang/Object;)[Ljava/lang/Object; 0 0 1 0 -1
ciMethod java/util/List add (Ljava/lang/Object;)Z 0 0 1 0 -1
ciMethod java/util/AbstractList <init> ()V 953 1 481926 0 32
ciMethod java/util/AbstractCollection <init> ()V 1073 1 679110 0 32
ciMethod java/util/ArrayList <init> (I)V 4097 1 6723 0 288
ciMethod java/util/ArrayList ensureCapacityInternal (I)V 2057 1 707327 0 576
ciMethod java/util/ArrayList ensureExplicitCapacity (I)V 2057 1 659521 0 544
ciMethod java/util/ArrayList grow (I)V 593 1 6357 0 544
ciMethod java/util/ArrayList hugeCapacity (I)I 0 0 1 0 -1
ciMethod java/util/ArrayList size ()I 1025 1 128 0 0
ciMethod java/util/ArrayList contains (Ljava/lang/Object;)Z 4097 1 118880 0 448
ciMethod java/util/ArrayList indexOf (Ljava/lang/Object;)I 32777 25857 16387 0 352
ciMethod java/util/ArrayList toArray ([Ljava/lang/Object;)[Ljava/lang/Object; 1425 1 14559 0 1248
ciMethod java/util/ArrayList add (Ljava/lang/Object;)Z 2073 1 687520 0 768
ciMethod java/util/ArrayList iterator ()Ljava/util/Iterator; 3441 1 93055 0 192
ciMethod java/util/ArrayList access$100 (Ljava/util/ArrayList;)I 2353 1 294 0 0
ciMethod java/lang/Math max (II)I 2481 1 989718 0 -1
ciMethod java/util/Iterator hasNext ()Z 0 0 1 0 -1
ciMethod java/util/Iterator next ()Ljava/lang/Object; 0 0 1 0 -1
ciMethod java/util/Arrays copyOf ([Ljava/lang/Object;I)[Ljava/lang/Object; 2049 1 19954 0 384
ciMethod java/util/Arrays copyOf ([Ljava/lang/Object;ILjava/lang/Class;)[Ljava/lang/Object; 2057 1 5377 0 -1
ciMethodData java/lang/Object <init> ()V 2 8037425 orig 264 8 177 131 85 0 0 0 0 104 4 1 20 0 0 0 0 32 1 0 0 0 0 0 0 0 0 0 0 0 0 0 0 0 0 0 0 0 0 0 0 0 0 0 0 0 0 0 0 0 0 0 0 0 0 0 0 0 0 0 0 0 0 0 0 0 0 0 0 0 0 0 0 0 0 0 0 0 0 0 0 77 68 79 32 101 120 116 114 97 32 100 97 116 97 32 108 111 99 107 0 0 0 0 0 0 0 0 0 0 0 0 0 0 0 0 0 0 0 0 0 0 0 0 0 0 0 0 0 0 0 0 0 0 0 0 0 0 0 0 0 0 0 0 0 0 0 0 0 0 0 0 0 0 0 0 0 0 0 0 0 0 0 0 0 0 0 0 0 0 0 0 0 0 0 0 0 0 0 0 0 0 0 0 0 1 0 0 0 0 0 0 0 1 0 0 0 0 0 0 0 1 0 0 0 0 0 0 0 0 0 0 0 0 0 0 0 0 2 0 0 137 17 213 3 1 0 0 0 0 0 0 0 0 0 0 0 2 0 0 0 0 0 3 0 1 0 0 0 0 0 0 0 255 255 255 255 0 0 0 0 0 0 0 0 data 0 oops 0
ciMethod java/util/ArrayList$Itr <init> (Ljava/util/ArrayList;)V 3457 1 104049 0 96
ciMethod java/util/ArrayList$Itr hasNext ()Z 4097 1 235585 0 64
ciMethod java/util/ArrayList$Itr next ()Ljava/lang/Object; 4097 1 34264 0 224
ciMethod java/util/ArrayList$Itr checkForComodification ()V 4097 1 45494 0 96
ciMethod java/util/ArrayList$Itr <init> (Ljava/util/ArrayList;Ljava/util/ArrayList$1;)V 3449 1 104079 0 96
ciMethodData java/util/AbstractList <init> ()V 2 481927 orig 264 8 177 131 85 0 0 0 0 96 230 12 20 0 0 0 0 48 1 0 0 0 0 0 0 0 0 0 0 0 0 0 0 0 0 0 0 0 0 0 0 0 0 0 0 0 0 0 0 0 0 0 0 0 0 0 0 0 0 0 0 0 0 0 0 0 0 0 0 0 0 0 0 0 0 0 0 0 0 0 0 77 68 79 32 101 120 116 114 97 32 100 97 116 97 32 108 111 99 107 0 0 0 0 0 0 0 0 0 0 0 0 0 0 0 0 0 0 0 0 0 0 0 0 0 0 0 0 0 0 0 0 0 0 0 0 0 0 0 0 0 0 0 0 0 0 0 0 0 0 0 0 0 0 0 0 0 0 0 0 0 0 0 0 0 0 0 0 0 0 0 0 0 0 0 0 0 0 0 0 0 0 0 0 0 1 0 0 0 0 0 0 0 0 0 0 0 0 0 0 0 1 0 0 0 0 0 0 0 0 0 0 0 0 0 0 0 119 0 0 0 129 208 58 0 1 0 0 0 0 0 0 0 0 0 0 0 2 0 0 0 0 0 3 0 2 0 0 0 16 0 0 0 255 255 255 255 2 0 1 0 0 0 0 0 data 2 0x10002 0x75a11 oops 0
ciMethodData java/util/AbstractCollection <init> ()V 2 679110 orig 264 8 177 131 85 0 0 0 0 64 249 12 20 0 0 0 0 48 1 0 0 0 0 0 0 0 0 0 0 0 0 0 0 0 0 0 0 0 0 0 0 0 0 0 0 0 0 0 0 0 0 0 0 0 0 0 0 0 0 0 0 0 0 0 0 0 0 0 0 0 0 0 0 0 0 0 0 0 0 0 0 77 68 79 32 101 120 116 114 97 32 100 97 116 97 32 108 111 99 107 0 0 0 0 0 0 0 0 0 0 0 0 0 0 0 0 0 0 0 0 0 0 0 0 0 0 0 0 0 0 0 0 0 0 0 0 0 0 0 0 0 0 0 0 0 0 0 0 0 0 0 0 0 0 0 0 0 0 0 0 0 0 0 0 0 0 0 0 0 0 0 0 0 0 0 0 0 0 0 0 0 0 0 0 0 1 0 0 0 0 0 0 0 0 0 0 0 0 0 0 0 1 0 0 0 0 0 0 0 0 0 0 0 0 0 0 0 134 0 0 0 1 226 82 0 1 0 0 0 0 0 0 0 0 0 0 0 2 0 0 0 0 0 3 0 2 0 0 0 16 0 0 0 255 255 255 255 2 0 1 0 0 0 0 0 data 2 0x10002 0xa5c40 oops 0
ciMethodData java/util/ArrayList ensureCapacityInternal (I)V 2 707327 orig 264 8 177 131 85 0 0 0 0 64 102 13 20 0 0 0 0 144 1 0 0 32 0 0 0 0 0 0 0 0 0 0 0 0 0 0 0 0 0 0 0 0 0 0 0 0 0 0 0 0 0 0 0 0 0 0 0 0 0 0 0 0 0 0 0 0 0 0 0 0 0 0 0 0 0 0 0 0 0 0 0 77 68 79 32 101 120 116 114 97 32 100 97 116 97 32 108 111 99 107 0 0 0 0 0 0 0 0 0 0 0 0 0 0 0 0 0 0 0 0 0 0 0 0 0 0 0 0 0 0 0 0 0 0 0 0 0 0 0 0 0 0 0 0 0 0 0 0 0 0 0 0 0 0 0 0 0 0 0 0 0 0 0 0 0 0 0 0 0 0 0 0 0 0 0 0 0 0 0 0 0 0 0 0 0 17 0 0 0 0 0 0 0 0 0 0 0 0 0 0 0 1 0 0 0 0 0 0 0 0 0 0 0 0 0 0 0 1 1 0 0 241 79 86 0 1 0 0 0 0 0 0 0 0 0 0 0 2 0 0 0 0 0 14 0 2 0 0 0 64 0 0 0 255 255 255 255 7 0 7 0 0 0 0 0 data 8 0x70007 0x96ba8 0x30 0x15e58 0xd0002 0x15e58 0x130002 0xac9fa oops 0
ciMethodData java/util/ArrayList ensureExplicitCapacity (I)V 2 659521 orig 264 8 177 131 85 0 0 0 0 232 102 13 20 0 0 0 0 88 1 0 0 0 0 0 0 0 0 0 0 0 0 0 0 0 0 0 0 0 0 0 0 0 0 0 0 0 0 0 0 0 0 0 0 0 0 0 0 0 0 0 0 0 0 0 0 0 0 0 0 0 0 0 0 0 0 0 0 0 0 0 0 77 68 79 32 101 120 116 114 97 32 100 97 116 97 32 108 111 99 107 0 0 0 0 0 0 0 0 0 0 0 0 0 0 0 0 0 0 0 0 0 0 0 0 0 0 0 0 0 0 0 0 0 0 0 0 0 0 0 0 0 0 0 0 0 0 0 0 0 0 0 0 0 0 0 0 0 0 0 0 0 0 0 0 0 0 0 0 0 0 0 0 0 0 0 0 0 0 0 0 0 0 0 0 0 17 0 0 0 0 0 0 0 0 0 0 0 0 0 0 0 1 0 0 0 0 0 0 0 0 0 0 0 0 0 0 0 1 1 0 0 1 122 80 0 1 0 0 0 0 0 0 0 0 0 0 0 2 0 0 0 0 0 6 0 2 0 0 0 48 0 0 0 255 255 255 255 7 0 17 0 0 0 0 0 data 6 0x110007 0x88a43 0x30 0x18500 0x160002 0x18500 oops 0
ciMethodData java/util/ArrayList grow (I)V 2 6357 orig 264 8 177 131 85 0 0 0 0 160 103 13 20 0 0 0 0 176 1 0 0 64 0 0 0 0 0 0 0 0 0 0 0 0 0 0 0 0 0 0 0 0 0 0 0 0 0 0 0 0 0 0 0 0 0 0 0 0 0 0 0 0 0 0 0 0 0 0 0 0 0 0 0 0 0 0 0 0 0 0 0 77 68 79 32 101 120 116 114 97 32 100 97 116 97 32 108 111 99 107 0 0 0 0 0 0 0 0 0 0 0 0 0 0 0 0 0 0 0 0 0 0 0 0 0 0 0 0 0 0 0 0 0 0 0 0 0 0 0 0 0 0 0 0 0 0 0 0 0 0 0 0 0 0 0 0 0 0 0 0 0 0 0 0 0 0 0 0 0 0 0 0 0 0 0 0 0 0 0 0 0 0 0 0 0 17 0 0 0 0 0 0 0 0 0 0 0 0 0 0 0 1 0 0 0 0 0 0 0 0 0 0 0 0 0 0 0 74 0 0 0 89 196 0 0 1 0 0 0 0 0 0 0 0 0 0 0 2 0 0 0 0 0 15 0 2 0 0 0 96 0 0 0 255 255 255 255 7 0 15 0 0 0 0 0 data 12 0xf0007 0x5b4 0x20 0x12d7 0x180007 0x188b 0x30 0x0 0x1c0002 0x0 0x260002 0x188b oops 0
ciMethodData java/util/ArrayList add (Ljava/lang/Object;)Z 2 687520 orig 264 8 177 131 85 0 0 0 0 64 112 13 20 0 0 0 0 144 1 0 0 0 0 0 0 0 0 0 0 0 0 0 0 0 0 0 0 0 0 0 0 0 0 0 0 0 0 0 0 0 0 0 0 0 0 0 0 0 0 0 0 0 0 0 0 0 0 0 0 0 0 0 0 0 0 0 0 0 0 0 0 77 68 79 32 101 120 116 114 97 32 100 97 116 97 32 108 111 99 107 0 0 0 0 0 0 0 0 0 0 0 0 0 0 0 0 0 0 0 0 0 0 0 0 0 0 0 0 0 0 0 0 0 0 0 0 0 0 0 0 0 0 0 0 0 0 0 0 0 0 0 0 0 0 0 0 0 0 0 0 0 0 0 0 0 0 0 0 0 0 0 0 0 0 0 0 0 0 0 0 0 0 0 0 0 17 0 0 0 0 0 0 0 0 0 0 0 0 0 0 0 1 0 0 0 0 0 0 0 0 0 0 0 0 0 0 0 3 1 0 0 233 228 83 0 1 0 0 0 0 0 0 0 0 0 0 0 2 0 0 0 0 0 15 0 2 0 0 0 64 0 0 0 255 255 255 255 2 0 7 0 0 0 0 0 data 8 0x70002 0xa7c9d 0x1a0104 0x0 0x1afadd00 0x1c 0x180a3170 0x18 oops 2 4 sun/security/jca/ProviderConfig 6 sun/security/x509/X509CertImpl
ciMethodData java/util/Arrays copyOf ([Ljava/lang/Object;I)[Ljava/lang/Object; 2 19954 orig 264 8 177 131 85 0 0 0 0 136 190 19 20 0 0 0 0 192 1 0 0 0 0 0 0 0 0 0 0 0 0 0 0 0 0 0 0 0 0 0 0 0 0 0 0 0 0 0 0 0 0 0 0 0 0 0 0 0 0 0 0 0 0 0 0 0 0 0 0 0 0 0 0 0 0 0 0 0 0 0 0 77 68 79 32 101 120 116 114 97 32 100 97 116 97 32 108 111 99 107 0 0 0 0 0 0 0 0 0 0 0 0 0 0 0 0 0 0 0 0 0 0 0 0 0 0 0 0 0 0 0 0 0 0 0 0 0 0 0 0 0 0 0 0 0 0 0 0 0 0 0 0 0 0 0 0 0 0 0 0 0 0 0 0 0 0 0 0 0 0 0 0 0 0 0 0 0 0 0 0 0 0 0 0 0 17 0 0 0 0 0 0 0 0 0 0 0 0 0 0 0 0 0 0 0 0 0 0 0 0 0 0 0 0 0 0 0 0 1 0 0 145 103 2 0 1 0 0 0 0 0 0 0 0 0 0 0 2 0 0 0 0 0 3 0 2 0 0 0 112 0 0 0 255 255 255 255 5 0 3 0 0 0 0 0 data 14 0x30005 0xbe 0x28b84540 0x4c31 0x174a5e40 0x3 0x60002 0x4cf2 0x90004 0x0 0x0 0x0 0x0 0x0 oops 2 2 [Ljava/lang/Object; 4 [Ljava/lang/Thread;
ciMethodData java/util/ArrayList toArray ([Ljava/lang/Object;)[Ljava/lang/Object; 2 14559 orig 264 8 177 131 85 0 0 0 0 200 109 13 20 0 0 0 0 64 2 0 0 160 0 0 0 0 0 0 0 0 0 0 0 0 0 0 0 0 0 0 0 0 0 0 0 0 0 0 0 0 0 0 0 0 0 0 0 0 0 0 0 0 0 0 0 0 0 0 0 0 0 0 0 0 0 0 0 0 0 0 0 77 68 79 32 101 120 116 114 97 32 100 97 116 97 32 108 111 99 107 0 0 0 0 0 0 0 0 0 0 0 0 0 0 0 0 0 0 0 0 0 0 0 0 0 0 0 0 0 0 0 0 0 0 0 0 0 0 0 0 0 0 0 0 0 1 0 0 0 0 0 0 0 0 0 0 0 0 0 0 0 0 0 0 0 0 0 0 0 0 0 0 0 0 0 0 0 0 0 0 1 0 0 0 0 17 0 0 0 0 0 0 0 0 0 0 0 0 0 0 0 1 0 0 0 0 0 0 0 2 0 0 0 0 0 0 0 178 0 0 0 105 193 1 0 1 0 0 0 1 32 0 0 0 0 0 0 2 0 0 0 0 0 8 0 2 0 0 0 240 0 0 0 255 255 255 255 7 0 6 0 0 0 0 0 data 30 0x60007 0x3799 0x90 0x94 0x120005 0x69 0x1afadc90 0x4 0x1afaddb0 0x27 0x150002 0x94 0x180004 0x0 0x1afade20 0x1 0x0 0x0 0x270002 0x3799 0x30e007 0x3793 0x50 0x7 0x390104 0x0 0x0 0x0 0x0 0x0 oops 3 6 [Lsun/security/jca/ProviderConfig; 8 [Ljava/lang/String; 14 [Ljava/lang/annotation/Annotation;
ciMethodData java/util/ArrayList$Itr hasNext ()Z 2 235585 orig 264 8 177 131 85 0 0 0 0 88 56 37 20 0 0 0 0 144 1 0 0 0 0 0 0 0 0 0 0 0 0 0 0 0 0 0 0 0 0 0 0 0 0 0 0 0 0 0 0 0 0 0 0 0 0 0 0 0 0 0 0 0 0 0 0 0 0 0 0 0 0 0 0 0 0 0 0 0 0 0 0 77 68 79 32 101 120 116 114 97 32 100 97 116 97 32 108 111 99 107 0 0 0 0 0 0 0 0 0 0 0 0 0 0 0 0 0 0 0 0 0 0 0 0 0 0 0 0 0 0 0 0 0 0 0 0 0 0 0 0 0 0 0 0 0 0 0 0 0 0 0 0 0 0 0 0 0 0 0 0 0 0 0 0 0 0 0 0 0 0 0 0 0 0 0 0 0 0 0 0 0 0 0 0 0 17 0 0 0 0 0 0 0 0 0 0 0 0 0 0 0 1 0 0 0 0 0 0 0 0 0 0 0 0 0 0 0 0 2 0 0 9 178 28 0 1 0 0 0 0 0 0 0 0 0 0 0 2 0 0 0 0 0 6 0 2 0 0 0 72 0 0 0 255 255 255 255 2 0 8 0 0 0 0 0 data 9 0x80002 0x39641 0xb0007 0x9a5c 0x38 0x2fbe5 0xf0003 0x2fbe5 0x18 oops 0
ciMethodData java/util/ArrayList$Itr next ()Ljava/lang/Object; 2 34264 orig 264 8 177 131 85 0 0 0 0 40 57 37 20 0 0 0 0 232 1 0 0 96 0 0 0 0 0 0 0 0 0 0 0 0 0 0 0 0 0 0 0 0 0 0 0 0 0 0 0 0 0 0 0 0 0 0 0 0 0 0 0 0 0 0 0 0 0 0 0 0 0 0 0 0 0 0 0 0 0 0 0 77 68 79 32 101 120 116 114 97 32 100 97 116 97 32 108 111 99 107 0 0 0 0 0 0 0 0 0 0 0 0 0 0 0 0 0 0 0 0 0 0 0 0 0 0 0 0 0 0 0 0 0 0 0 0 0 0 0 0 0 0 0 0 0 0 0 0 0 0 0 0 0 0 0 0 0 0 0 0 0 0 0 0 0 0 0 0 0 0 0 0 0 0 0 0 0 0 0 0 0 0 0 0 0 25 0 0 0 0 0 0 0 0 0 0 0 0 0 0 0 1 0 0 0 0 0 0 0 0 0 0 0 0 0 0 0 0 2 0 0 193 30 4 0 1 0 0 0 0 0 0 0 0 0 0 0 2 0 0 0 0 0 10 0 2 0 0 0 160 0 0 0 255 255 255 255 5 0 1 0 0 0 0 0 data 20 0x10005 0x58 0x2155b630 0x8380 0x0 0x0 0xe0002 0x83d8 0x110007 0x83d8 0x30 0x0 0x180002 0x0 0x270007 0x83d8 0x30 0x0 0x2e0002 0x0 oops 1 2 java/util/ArrayList$Itr
ciMethodData java/util/ArrayList$Itr checkForComodification ()V 2 45494 orig 264 8 177 131 85 0 0 0 0 144 59 37 20 0 0 0 0 80 1 0 0 0 0 0 0 0 0 0 0 0 0 0 0 0 0 0 0 0 0 0 0 0 0 0 0 0 0 0 0 0 0 0 0 0 0 0 0 0 0 0 0 0 0 0 0 0 0 0 0 0 0 0 0 0 0 0 0 0 0 0 0 77 68 79 32 101 120 116 114 97 32 100 97 116 97 32 108 111 99 107 0 0 0 0 0 0 0 0 0 0 0 0 0 0 0 0 0 0 0 0 0 0 0 0 0 0 0 0 0 0 0 0 0 0 0 0 0 0 0 0 0 0 0 0 0 0 0 0 0 0 0 0 0 0 0 0 0 0 0 0 0 0 0 0 0 0 0 0 0 0 0 0 0 0 0 0 0 0 0 0 0 0 0 0 0 25 0 0 0 0 0 0 0 0 0 0 0 0 0 0 0 1 0 0 0 0 0 0 0 0 0 0 0 0 0 0 0 0 2 0 0 177 125 5 0 1 0 0 0 0 0 0 0 0 0 0 0 2 0 0 0 0 0 5 0 2 0 0 0 48 0 0 0 255 255 255 255 7 0 11 0 0 0 0 0 data 6 0xb0007 0xafb6 0x30 0x0 0x120002 0x0 oops 0
ciMethodData java/util/ArrayList iterator ()Ljava/util/Iterator; 2 93055 orig 264 8 177 131 85 0 0 0 0 232 126 13 20 0 0 0 0 48 1 0 0 0 0 0 0 0 0 0 0 0 0 0 0 0 0 0 0 0 0 0 0 0 0 0 0 0 0 0 0 0 0 0 0 0 0 0 0 0 0 0 0 0 0 0 0 0 0 0 0 0 0 0 0 0 0 0 0 0 0 0 0 77 68 79 32 101 120 116 114 97 32 100 97 116 97 32 108 111 99 107 0 0 0 0 0 0 0 0 0 0 0 0 0 0 0 0 0 0 0 0 0 0 0 0 0 0 0 0 0 0 0 0 0 0 0 0 0 0 0 0 0 0 0 0 0 0 0 0 0 0 0 0 0 0 0 0 0 0 0 0 0 0 0 0 0 0 0 0 0 0 0 0 0 0 0 0 0 0 0 0 0 0 0 0 0 13 0 0 0 0 0 0 0 0 0 0 0 0 0 0 0 0 0 0 0 0 0 0 0 0 0 0 0 0 0 0 0 174 1 0 0 137 78 11 0 1 0 0 0 0 0 0 0 0 0 0 0 2 0 0 0 0 0 3 0 2 0 0 0 16 0 0 0 255 255 255 255 2 0 6 0 0 0 0 0 data 2 0x60002 0x169d1 oops 0
ciMethodData java/util/ArrayList$Itr <init> (Ljava/util/ArrayList;Ljava/util/ArrayList$1;)V 2 104079 orig 264 8 177 131 85 0 0 0 0 32 60 37 20 0 0 0 0 64 1 0 0 0 0 0 0 0 0 0 0 0 0 0 0 0 0 0 0 0 0 0 0 0 0 0 0 0 0 0 0 0 0 0 0 0 0 0 0 0 0 0 0 0 0 0 0 0 0 0 0 0 0 0 0 0 0 0 0 0 0 0 0 77 68 79 32 101 120 116 114 97 32 100 97 116 97 32 108 111 99 107 0 0 0 0 0 0 0 0 0 0 0 0 0 0 0 0 0 0 0 0 0 0 0 0 0 0 0 0 0 0 0 0 0 0 0 0 0 0 0 0 0 0 0 0 0 0 0 0 0 0 0 0 0 0 0 0 0 0 0 0 0 0 0 0 0 0 0 0 0 0 0 0 0 0 0 0 0 0 0 0 0 0 0 0 0 1 0 0 0 0 0 0 0 4 0 0 0 0 0 0 0 5 0 0 0 0 0 0 0 0 0 0 0 0 0 0 0 175 1 0 0 1 167 12 0 1 0 0 0 0 0 0 0 0 0 0 0 2 0 0 0 0 0 3 0 2 0 0 0 16 0 0 0 255 255 255 255 2 0 2 0 0 0 0 0 data 2 0x20002 0x194e0 oops 0
ciMethodData java/util/ArrayList$Itr <init> (Ljava/util/ArrayList;)V 2 104049 orig 264 8 177 131 85 0 0 0 0 184 55 37 20 0 0 0 0 56 1 0 0 0 0 0 0 0 0 0 0 0 0 0 0 0 0 0 0 0 0 0 0 0 0 0 0 0 0 0 0 0 0 0 0 0 0 0 0 0 0 0 0 0 0 0 0 0 0 0 0 0 0 0 0 0 0 0 0 0 0 0 0 77 68 79 32 101 120 116 114 97 32 100 97 116 97 32 108 111 99 107 0 0 0 0 0 0 0 0 0 0 0 0 0 0 0 0 0 0 0 0 0 0 0 0 0 0 0 0 0 0 0 0 0 0 0 0 0 0 0 0 0 0 0 0 0 0 0 0 0 0 0 0 0 0 0 0 0 0 0 0 0 0 0 0 0 0 0 0 0 0 0 0 0 0 0 0 0 0 0 0 0 0 0 0 0 1 0 0 0 0 0 0 0 0 0 0 0 0 0 0 0 1 0 0 0 0 0 0 0 0 0 0 0 0 0 0 0 176 1 0 0 9 166 12 0 1 0 0 0 0 0 0 0 0 0 0 0 2 0 0 0 0 0 3 0 2 0 0 0 16 0 0 0 255 255 255 255 2 0 6 0 0 0 0 0 data 2 0x60002 0x194c1 oops 0
ciMethodData java/util/ArrayList <init> (I)V 2 6723 orig 264 8 177 131 85 0 0 0 0 208 98 13 20 0 0 0 0 128 2 0 0 104 0 0 0 0 0 0 0 0 0 0 0 0 0 0 0 0 0 0 0 0 0 0 0 0 0 0 0 0 0 0 0 0 0 0 0 0 0 0 0 0 0 0 0 0 0 0 0 0 0 0 0 0 0 0 0 0 0 0 0 77 68 79 32 101 120 116 114 97 32 100 97 116 97 32 108 111 99 107 0 0 0 0 0 0 0 0 0 0 0 0 0 0 0 0 0 0 0 0 0 0 0 0 0 0 0 0 0 0 0 0 0 0 0 0 0 0 0 0 0 0 0 0 0 0 0 0 0 0 0 0 0 0 0 0 0 0 0 0 0 0 0 0 0 0 0 0 0 0 0 0 0 0 0 0 0 0 0 0 0 0 0 0 0 25 0 0 0 0 0 0 0 0 0 0 0 0 0 0 0 1 0 0 0 0 0 0 0 0 0 0 0 0 0 0 0 0 2 0 0 25 194 0 0 1 0 0 0 0 0 0 0 0 0 0 0 2 0 0 0 0 0 8 0 2 0 0 0 48 1 0 0 255 255 255 255 2 0 1 0 0 0 0 0 data 38 0x10002 0x1843 0x50007 0x310 0x38 0x1533 0x100003 0x1533 0x100 0x140007 0x0 0x38 0x310 0x1e0003 0x310 0xc8 0x290002 0x0 0x2e0005 0x0 0x0 0x0 0x0 0x0 0x320005 0x0 0x0 0x0 0x0 0x0 0x350005 0x0 0x0 0x0 0x0 0x0 0x380002 0x0 oops 0
ciMethodData java/util/ArrayList indexOf (Ljava/lang/Object;)I 2 24968 orig 264 8 177 131 85 0 0 0 0 216 106 13 20 0 0 0 0 104 2 0 0 0 0 0 0 0 0 0 0 0 0 0 0 0 0 0 0 0 0 0 0 0 0 0 0 0 0 0 0 0 0 0 0 0 0 0 0 0 0 0 0 0 0 0 0 0 0 0 0 0 0 0 0 0 0 0 0 0 0 0 0 77 68 79 32 101 120 116 114 97 32 100 97 116 97 32 108 111 99 107 0 0 0 0 0 0 0 0 0 0 0 0 0 0 0 0 0 0 0 0 0 0 0 0 0 0 0 0 0 0 0 0 0 0 0 0 0 0 0 0 0 0 0 0 0 1 0 0 0 0 0 0 0 0 0 0 0 0 0 0 0 0 0 0 0 0 0 0 0 0 0 0 0 0 0 0 0 0 0 0 2 0 0 0 0 17 0 0 0 0 0 0 0 0 0 0 0 0 0 0 0 1 0 0 0 0 0 0 0 0 0 0 0 0 0 0 0 0 2 0 0 17 128 1 0 65 167 2 0 137 21 0 0 136 65 0 0 2 0 0 0 2 0 16 0 2 0 0 0 24 1 0 0 255 255 255 255 7 224 1 0 0 0 0 0 data 35 0x1e007 0x2ffb 0x90 0x9 0xb0007 0x9 0x58 0x1f 0x140007 0x1f 0x20 0x0 0x1c0003 0x1f 0xffffffffffffffc0 0x1f0003 0x9 0xa0 0x290007 0x24b8 0x88 0x600c 0x330005 0x3cb1 0x21e8800 0x2357 0x28e19f70 0x4 0x360007 0x54c9 0x20 0xb43 0x3e0003 0x54c9 0xffffffffffffff90 oops 2 24 java/lang/String 26 org/eclipse/core/internal/runtime/PlatformLogWriter
ciMethodData java/util/ArrayList contains (Ljava/lang/Object;)Z 2 118880 orig 264 8 177 131 85 0 0 0 0 8 106 13 20 0 0 0 0 184 1 0 0 0 0 0 0 0 0 0 0 0 0 0 0 0 0 0 0 0 0 0 0 0 0 0 0 0 0 0 0 0 0 0 0 0 0 0 0 0 0 0 0 0 0 0 0 0 0 0 0 0 0 0 0 0 0 0 0 0 0 0 0 77 68 79 32 101 120 116 114 97 32 100 97 116 97 32 108 111 99 107 0 0 0 0 0 0 0 0 0 0 0 0 0 0 0 0 0 0 0 0 0 0 0 0 0 0 0 0 0 0 0 0 0 0 0 0 0 0 0 0 0 0 0 0 0 1 0 0 0 0 0 0 0 0 0 0 0 0 0 0 0 0 0 0 0 0 0 0 0 0 0 0 0 0 0 0 0 0 0 0 0 0 0 0 0 0 0 0 0 0 0 0 0 0 0 0 0 0 0 0 0 0 0 0 0 0 0 0 0 0 0 0 0 0 0 0 0 0 2 0 0 1 115 14 0 1 0 0 0 154 34 0 0 0 0 0 0 2 0 0 0 0 0 6 0 2 0 0 0 104 0 0 0 255 255 255 255 5 0 2 0 0 0 0 0 data 13 0x20005 0x0 0x2155b370 0x1ce60 0x0 0x0 0x50007 0x1a6b9 0x38 0x27a6 0x90003 0x27a6 0x18 oops 1 2 java/util/ArrayList
ciMethod org/eclipse/swt/widgets/Widget checkWidget ()V 2049 1 8143 0 128
ciMethod org/eclipse/swt/widgets/Widget destroyWidget ()V 825 1 103 0 -1
ciMethod org/eclipse/swt/widgets/Widget dispose ()V 17 1 1972 0 0
ciMethod org/eclipse/swt/widgets/Widget error (I)V 0 0 1 0 -1
ciMethod org/eclipse/swt/widgets/Widget getData ()Ljava/lang/Object; 3241 1 34716 0 160
ciMethod org/eclipse/swt/widgets/Widget getDisplay ()Lorg/eclipse/swt/widgets/Display; 1745 1 130190 0 64
ciMethod org/eclipse/swt/widgets/Widget getStyle ()I 3161 1 40437 0 -1
ciMethod org/eclipse/swt/widgets/Widget isDisposed ()Z 2057 1 255198 0 32
ciMethod org/eclipse/swt/widgets/Widget isValidThread ()Z 185 1 2713 0 0
ciMethod org/eclipse/swt/widgets/Widget release (Z)V 265 1 5153 0 384
ciMethod org/eclipse/swt/widgets/Widget releaseChildren (Z)V 2065 1 3783 0 0
ciMethod org/eclipse/swt/widgets/Widget releaseHandle ()V 2089 1 5577 0 32
ciMethod org/eclipse/swt/widgets/Widget releaseParent ()V 2049 1 1384 0 0
ciMethod org/eclipse/swt/widgets/Widget releaseWidget ()V 2089 1 6135 0 0
ciMethod org/eclipse/swt/widgets/Widget sendEvent (Lorg/eclipse/swt/widgets/Event;)V 2057 1 6970 0 -1
ciMethod org/eclipse/swt/widgets/Widget sendEvent (I)V 1761 1 22855 0 0
ciMethod org/eclipse/swt/widgets/Widget sendEvent (ILorg/eclipse/swt/widgets/Event;Z)V 1897 1 5370 0 3008
ciMethod org/eclipse/swt/widgets/Widget setData (Ljava/lang/Object;)V 2729 1 5339 0 0
ciMethod org/eclipse/swt/widgets/Decorations removeMenu (Lorg/eclipse/swt/widgets/Menu;)V 1073 55297 458 0 -1
ciMethod org/eclipse/swt/widgets/Decorations setMenuBar (Lorg/eclipse/swt/widgets/Menu;)V 25 1 3 0 -1
ciMethod org/eclipse/swt/widgets/Display filters (I)Z 2049 1 11891 0 -1
ciMethod org/eclipse/swt/widgets/Display getLastEventTime ()I 3073 1 6357 0 -1
ciMethod org/eclipse/swt/widgets/Display getMenuItem (I)Lorg/eclipse/swt/widgets/MenuItem; 3433 1 19505 0 -1
ciMethod org/eclipse/swt/widgets/Display isValidThread ()Z 2065 1 8434 0 0
ciMethod org/eclipse/swt/widgets/Display postEvent (Lorg/eclipse/swt/widgets/Event;)V 9 9 1546 0 -1
ciMethod org/eclipse/swt/widgets/Display releaseImageList (Lorg/eclipse/swt/internal/ImageList;)V 441 561 55 0 -1
ciMethod org/eclipse/swt/widgets/Display releaseToolImageList (Lorg/eclipse/swt/internal/ImageList;)V 249 273 43 0 -1
ciMethod org/eclipse/swt/widgets/Display removeBar (Lorg/eclipse/swt/widgets/Menu;)V 17 9 2 0 -1
ciMethod org/eclipse/swt/widgets/Display removeMenuItem (Lorg/eclipse/swt/widgets/MenuItem;)V 529 1 1404 0 0
ciMethod org/eclipse/swt/widgets/Display removePopup (Lorg/eclipse/swt/widgets/Menu;)V 545 1 68 0 -1
ciMethod org/eclipse/swt/widgets/Event <init> ()V 441 1 50564 0 -1
ciMethod org/eclipse/swt/internal/win32/OS GetMenuItemInfo (JIZLorg/eclipse/swt/internal/win32/MENUITEMINFO;)Z 3137 1 36731 0 -1
ciMethod org/eclipse/swt/internal/win32/OS SendMessage (JIJJ)J 2049 1 198558 0 -1
ciMethod org/eclipse/swt/internal/win32/OS CommandBar_Destroy (J)V 0 0 1 0 -1
ciMethod org/eclipse/swt/internal/win32/OS DeleteMenu (JII)Z 2049 1 256 0 -1
ciMethod org/eclipse/swt/internal/win32/OS DeleteObject (J)Z 2049 1 256 0 -1
ciMethod org/eclipse/swt/internal/win32/OS DestroyMenu (J)Z 545 1 68 0 -1
ciMethod org/eclipse/swt/internal/win32/OS GetCurrentThreadId ()I 25 1 3 0 -1
ciMethod org/eclipse/swt/internal/win32/OS GetLastError ()I 0 0 1 0 -1
ciMethod org/eclipse/swt/internal/win32/OS GetMenuItemCount (J)I 2049 1 256 0 -1
ciMethod org/eclipse/swt/SWT error (ILjava/lang/Throwable;Ljava/lang/String;)V 1 1 5120 258 -1
ciMethod org/eclipse/swt/widgets/MenuItem destroyWidget ()V 3113 1 877 0 0
ciMethod org/eclipse/swt/widgets/MenuItem getEnabled ()Z 537 1 2613 0 0
ciMethod org/eclipse/swt/widgets/MenuItem releaseChildren (Z)V 2049 1 1404 0 0
ciMethod org/eclipse/swt/widgets/MenuItem releaseHandle ()V 3073 1 1404 0 0
ciMethod org/eclipse/swt/widgets/MenuItem releaseParent ()V 3073 1 877 0 0
ciMethod org/eclipse/swt/widgets/MenuItem releaseWidget ()V 2049 1 1404 0 0
ciMethod org/eclipse/swt/widgets/MenuItem setEnabled (Z)V 16473 1 12320 0 -1
ciMethod org/eclipse/swt/widgets/MenuItem setMenu (Lorg/eclipse/swt/widgets/Menu;Z)V 1409 24593 329 0 -1
ciMethod org/eclipse/swt/widgets/Item releaseWidget ()V 2057 1 2457 0 0
ciMethod org/eclipse/swt/widgets/Menu destroyAccelerators ()V 297 1 2729 0 -1
ciMethod org/eclipse/swt/widgets/Menu destroyItem (Lorg/eclipse/swt/widgets/MenuItem;)V 3113 1 877 0 0
ciMethod org/eclipse/swt/widgets/Menu destroyWidget ()V 817 1 102 0 0
ciMethod org/eclipse/swt/widgets/Menu getItem (I)Lorg/eclipse/swt/widgets/MenuItem; 1225 1 1838 0 0
ciMethod org/eclipse/swt/widgets/Menu getItemCount ()I 2065 1 4223 0 0
ciMethod org/eclipse/swt/widgets/Menu getItems ()[Lorg/eclipse/swt/widgets/MenuItem; 16385 219681 2971 0 1152
ciMethod org/eclipse/swt/widgets/Menu GetMenuItemCount (J)I 3025 1 5500 0 64
ciMethod org/eclipse/swt/widgets/Menu getParentMenu ()Lorg/eclipse/swt/widgets/Menu; 1 1 6668 0 -1
ciMethod org/eclipse/swt/widgets/Menu indexOf (Lorg/eclipse/swt/widgets/MenuItem;)I 0 0 1 0 -1
ciMethod org/eclipse/swt/widgets/Menu redraw ()V 2065 1 7159 0 -1
ciMethod org/eclipse/swt/widgets/Menu releaseHandle ()V 2601 1 314 0 0
ciMethod org/eclipse/swt/widgets/Menu releaseChildren (Z)V 2057 2897 314 0 0
ciMethod org/eclipse/swt/widgets/Menu releaseParent ()V 817 1 102 0 0
ciMethod org/eclipse/swt/widgets/Menu releaseWidget ()V 2105 1 314 0 0
ciMethodData org/eclipse/swt/widgets/Widget checkWidget ()V 2 8143 orig 264 8 177 131 85 0 0 0 0 64 176 167 24 0 0 0 0 120 2 0 0 176 0 0 0 0 0 0 0 0 0 0 0 0 0 0 0 0 0 0 0 0 0 0 0 0 0 0 0 0 0 0 0 0 0 0 0 0 0 0 0 0 0 0 0 0 0 0 0 0 0 0 0 0 0 0 0 0 0 0 0 77 68 79 32 101 120 116 114 97 32 100 97 116 97 32 108 111 99 107 0 0 0 0 0 0 0 0 0 0 0 0 0 0 0 0 0 0 0 0 0 0 0 0 0 0 0 0 0 0 0 0 0 0 0 0 0 0 0 0 0 0 0 0 0 0 0 0 0 0 0 0 0 0 0 0 0 0 0 0 0 0 0 0 0 0 0 0 0 0 0 0 0 0 0 0 0 0 0 0 0 0 0 0 0 0 0 0 0 0 0 0 0 0 0 0 0 0 0 0 0 0 0 0 0 0 0 0 0 0 0 0 0 0 0 0 0 0 1 0 0 121 246 0 0 1 0 0 0 0 0 0 0 0 0 0 0 2 0 0 0 0 0 14 0 2 0 0 0 48 1 0 0 255 255 255 255 7 0 6 0 0 0 0 0 data 38 0x60007 0x1ecf 0x50 0x0 0xc0005 0x0 0x0 0x0 0x0 0x0 0x130002 0x1ecf 0x160007 0x1ecf 0x80 0x0 0x1d0002 0x0 0x200007 0x0 0x50 0x0 0x260005 0x0 0x0 0x0 0x0 0x0 0x2f0007 0x1ecf 0x50 0x0 0x350005 0x0 0x0 0x0 0x0 0x0 oops 0
ciMethodData org/eclipse/swt/widgets/Widget isDisposed ()Z 2 255198 orig 264 8 177 131 85 0 0 0 0 232 191 167 24 0 0 0 0 64 1 0 0 0 0 0 0 0 0 0 0 0 0 0 0 0 0 0 0 0 0 0 0 0 0 0 0 0 0 0 0 0 0 0 0 0 0 0 0 0 0 0 0 0 0 0 0 0 0 0 0 0 0 0 0 0 0 0 0 0 0 0 0 77 68 79 32 101 120 116 114 97 32 100 97 116 97 32 108 111 99 107 0 0 0 0 0 0 0 0 0 0 0 0 0 0 0 0 0 0 0 0 0 0 0 0 0 0 0 0 0 0 0 0 0 0 0 0 0 0 0 0 0 0 0 0 0 0 0 0 0 0 0 0 0 0 0 0 0 0 0 0 0 0 0 0 0 0 0 0 0 0 0 0 0 0 0 0 0 0 0 0 0 0 0 0 0 1 0 0 0 0 0 0 0 0 0 0 0 0 0 0 0 1 0 0 0 0 0 0 0 0 0 0 0 0 0 0 0 1 1 0 0 233 30 31 0 1 0 0 0 0 0 0 0 0 0 0 0 2 0 0 0 0 0 5 0 2 0 0 0 32 0 0 0 255 255 255 255 7 0 6 0 0 0 0 0 data 4 0x60007 0x3e0e5 0x20 0x2f8 oops 0
ciMethod org/eclipse/jface/action/IContributionManager getOverrides ()Lorg/eclipse/jface/action/IContributionManagerOverrides; 0 0 1 0 -1
ciMethod org/eclipse/jface/action/IContributionItem fill (Lorg/eclipse/swt/widgets/Menu;I)V 0 0 1 0 -1
ciMethod org/eclipse/jface/action/IContributionItem isDirty ()Z 0 0 1 0 -1
ciMethod org/eclipse/jface/action/IContributionItem isDynamic ()Z 0 0 1 0 -1
ciMethod org/eclipse/jface/action/IContributionItem isSeparator ()Z 0 0 1 0 -1
ciMethod org/eclipse/jface/action/IContributionItem isVisible ()Z 0 0 1 0 -1
ciMethod org/eclipse/jface/action/IContributionManagerOverrides getVisible (Lorg/eclipse/jface/action/IContributionItem;)Ljava/lang/Boolean; 0 0 1 0 -1
ciMethod org/eclipse/jface/action/IMenuManager updateAll (Z)V 0 0 1 0 -1
ciMethod org/eclipse/jface/action/ContributionManager getItems ()[Lorg/eclipse/jface/action/IContributionItem; 2081 1 9484 0 640
ciMethod org/eclipse/jface/action/ContributionManager hasDynamicItems ()Z 361 1 4950 0 0
ciMethod org/eclipse/jface/action/ContributionManager isDirty ()Z 2049 1 5379 0 96
ciMethod org/eclipse/jface/action/ContributionManager setDirty (Z)V 2049 1 8812 0 0
ciMethod org/eclipse/jface/action/ContributionManager setOverrides (Lorg/eclipse/jface/action/IContributionManagerOverrides;)V 177 1 50 0 0
ciMethod org/eclipse/jface/action/MenuManager getOverrides ()Lorg/eclipse/jface/action/IContributionManagerOverrides; 2145 1 5955 0 256
ciMethod org/eclipse/jface/action/MenuManager menuExist ()Z 1465 1 2306 0 0
ciMethod org/eclipse/jface/action/MenuManager getMenuItems ()[Lorg/eclipse/swt/widgets/Item; 913 1 1287 0 0
ciMethod org/eclipse/jface/action/MenuManager getMenuItem (I)Lorg/eclipse/swt/widgets/Item; 1225 1 1095 0 0
ciMethod org/eclipse/jface/action/MenuManager getMenuItemCount ()I 2073 1 2907 0 0
ciMethod org/eclipse/jface/action/MenuManager doItemFill (Lorg/eclipse/jface/action/IContributionItem;I)V 1305 1 1454 0 0
ciMethod org/eclipse/jface/action/MenuManager update (ZZ)V 1065 17977 1865 0 -1
ciMethod org/eclipse/jface/action/MenuManager updateMenuItem ()V 1121 1 1866 0 0
ciMethod org/eclipse/jface/action/MenuManager isChildVisible (Lorg/eclipse/jface/action/IContributionItem;)Z 2305 1 28578 0 0
ciMethodData org/eclipse/swt/widgets/Display isValidThread ()Z 2 8434 orig 264 8 177 131 85 0 0 0 0 176 94 229 24 0 0 0 0 120 1 0 0 0 0 0 0 0 0 0 0 0 0 0 0 0 0 0 0 0 0 0 0 0 0 0 0 0 0 0 0 0 0 0 0 0 0 0 0 0 0 0 0 0 0 0 0 0 0 0 0 0 0 0 0 0 0 0 0 0 0 0 0 77 68 79 32 101 120 116 114 97 32 100 97 116 97 32 108 111 99 107 0 0 0 0 0 0 0 0 0 0 0 0 0 0 0 0 0 0 0 0 0 0 0 0 0 0 0 0 0 0 0 0 0 0 0 0 0 0 0 0 0 0 0 0 0 0 0 0 0 0 0 0 0 0 0 0 0 0 0 0 0 0 0 0 0 0 0 0 0 0 0 0 0 0 0 0 0 0 0 0 0 0 0 0 0 0 0 0 0 0 0 0 0 0 0 0 0 0 0 0 0 0 0 0 0 0 0 0 0 0 0 0 0 0 0 0 0 2 1 0 0 129 255 0 0 1 0 0 0 0 0 0 0 0 0 0 0 2 0 0 0 0 0 5 0 2 0 0 0 48 0 0 0 255 255 255 255 2 0 4 0 0 0 0 0 data 6 0x40002 0x1ff0 0x70007 0xae 0x20 0x1f42 oops 0
ciMethod org/eclipse/ui/actions/CompoundContributionItem isDirty ()Z 369 1 46 0 0
ciMethod org/eclipse/swt/internal/win32/MENUITEMINFO <init> ()V 2097 1 20206 0 -1
ciMethodData org/eclipse/swt/widgets/Widget getDisplay ()Lorg/eclipse/swt/widgets/Display; 2 130190 orig 264 8 177 131 85 0 0 0 0 248 186 167 24 0 0 0 0 152 1 0 0 0 0 0 0 0 0 0 0 0 0 0 0 0 0 0 0 0 0 0 0 0 0 0 0 0 0 0 0 0 0 0 0 0 0 0 0 0 0 0 0 0 0 0 0 0 0 0 0 0 0 0 0 0 0 0 0 0 0 0 0 77 68 79 32 101 120 116 114 97 32 100 97 116 97 32 108 111 99 107 0 0 0 0 0 0 0 0 0 0 0 0 0 0 0 0 0 0 0 0 0 0 0 0 0 0 0 0 0 0 0 0 0 0 0 0 0 0 0 0 0 0 0 0 0 0 0 0 0 0 0 0 0 0 0 0 0 0 0 0 0 0 0 0 0 0 0 0 0 0 0 0 0 0 0 0 0 0 0 0 0 0 0 0 0 0 0 0 0 0 0 0 0 0 0 0 0 0 0 0 0 0 0 0 0 0 0 0 0 0 0 0 0 0 0 0 0 218 0 0 0 161 221 15 0 1 0 0 0 0 0 0 0 0 0 0 0 2 0 0 0 0 0 6 0 2 0 0 0 80 0 0 0 255 255 255 255 7 0 6 0 0 0 0 0 data 10 0x60007 0x1fbb4 0x50 0x0 0xc0005 0x0 0x0 0x0 0x0 0x0 oops 0
ciMethod org/eclipse/jface/action/SubContributionItem getInnerItem ()Lorg/eclipse/jface/action/IContributionItem; 1273 1 159 0 -1
ciMethodData org/eclipse/jface/action/ContributionManager setDirty (Z)V 2 8825 orig 264 8 177 131 85 0 0 0 0 0 85 55 30 0 0 0 0 40 1 0 0 0 0 0 0 0 0 0 0 0 0 0 0 0 0 0 0 0 0 0 0 0 0 0 0 0 0 0 0 0 0 0 0 0 0 0 0 0 0 0 0 0 0 0 0 0 0 0 0 0 0 0 0 0 0 0 0 0 0 0 0 77 68 79 32 101 120 116 114 97 32 100 97 116 97 32 108 111 99 107 0 0 0 0 0 0 0 0 0 0 0 0 0 0 0 0 0 0 0 0 0 0 0 0 0 0 0 0 0 0 0 0 0 0 0 0 0 0 0 0 0 0 0 0 0 0 0 0 0 0 0 0 0 0 0 0 0 0 0 0 0 0 0 0 0 0 0 0 0 0 0 0 0 0 0 0 0 0 0 0 0 0 0 0 0 1 0 0 0 0 0 0 0 0 0 0 0 0 0 0 0 1 0 0 0 0 0 0 0 0 0 0 0 0 0 0 0 0 1 0 0 201 11 1 0 1 0 0 0 0 0 0 0 0 0 0 0 2 0 0 0 0 0 3 0 1 0 0 0 0 0 0 0 255 255 255 255 0 0 0 0 0 0 0 0 data 0 oops 0
ciMethodData org/eclipse/jface/action/MenuManager getOverrides ()Lorg/eclipse/jface/action/IContributionManagerOverrides; 2 5955 orig 264 8 177 131 85 0 0 0 0 224 171 55 30 0 0 0 0 240 1 0 0 104 0 0 0 0 0 0 0 0 0 0 0 0 0 0 0 0 0 0 0 0 0 0 0 0 0 0 0 0 0 0 0 0 0 0 0 0 0 0 0 0 0 0 0 0 0 0 0 0 0 0 0 0 0 0 0 0 0 0 0 77 68 79 32 101 120 116 114 97 32 100 97 116 97 32 108 111 99 107 0 0 0 0 0 0 0 0 0 0 0 0 0 0 0 0 0 0 0 0 0 0 0 0 0 0 0 0 0 0 0 0 0 0 0 0 0 0 0 0 0 0 0 0 0 0 0 0 0 0 0 0 0 0 0 0 0 0 0 0 0 0 0 0 0 0 0 0 0 0 0 0 0 0 0 0 0 0 0 0 0 0 0 0 0 0 0 0 0 0 0 0 0 0 0 0 0 0 0 0 0 0 0 0 0 0 0 0 0 0 0 0 0 0 0 0 0 12 1 0 0 185 177 0 0 1 0 0 0 0 0 0 0 0 0 0 0 2 0 0 0 0 0 9 0 2 0 0 0 168 0 0 0 255 255 255 255 7 0 4 0 0 0 0 0 data 21 0x40007 0x1620 0xa8 0x17 0xb0007 0x14 0x48 0x3 0x140002 0x3 0x1a0003 0x3 0x48 0x220005 0x2 0x2155a000 0xf 0x1809fe10 0x3 0x2f0002 0x17 oops 2 15 org/eclipse/jface/action/MenuManager 17 org/eclipse/ui/internal/ActionSetMenuManager
ciMethodData org/eclipse/jface/action/ContributionManager setOverrides (Lorg/eclipse/jface/action/IContributionManagerOverrides;)V 1 50 orig 264 8 177 131 85 0 0 0 0 176 85 55 30 0 0 0 0 40 1 0 0 0 0 0 0 0 0 0 0 0 0 0 0 0 0 0 0 0 0 0 0 0 0 0 0 0 0 0 0 0 0 0 0 0 0 0 0 0 0 0 0 0 0 0 0 0 0 0 0 0 0 0 0 0 0 0 0 0 0 0 0 77 68 79 32 101 120 116 114 97 32 100 97 116 97 32 108 111 99 107 0 0 0 0 0 0 0 0 0 0 0 0 0 0 0 0 0 0 0 0 0 0 0 0 0 0 0 0 0 0 0 0 0 0 0 0 0 0 0 0 0 0 0 0 0 0 0 0 0 0 0 0 0 0 0 0 0 0 0 0 0 0 0 0 0 0 0 0 0 0 0 0 0 0 0 0 0 0 0 0 0 0 0 0 0 0 0 0 0 0 0 0 0 0 0 0 0 0 0 0 0 0 0 0 0 0 0 0 0 0 0 0 0 0 0 0 0 22 0 0 0 225 0 0 0 1 0 0 0 0 0 0 0 0 0 0 0 2 0 0 0 0 0 0 0 0 0 0 0 0 0 0 0 255 255 255 255 0 0 0 0 0 0 0 0 data 0 oops 0
ciMethodData org/eclipse/jface/action/MenuManager isChildVisible (Lorg/eclipse/jface/action/IContributionItem;)Z 2 28693 orig 264 8 177 131 85 0 0 0 0 16 204 55 30 0 0 0 0 48 2 0 0 128 0 0 0 0 0 0 0 0 0 0 0 0 0 0 0 0 0 0 0 0 0 0 0 0 0 0 0 0 0 0 0 0 0 0 0 0 0 0 0 0 0 0 0 0 0 0 0 0 0 0 0 0 0 0 0 0 0 0 0 77 68 79 32 101 120 116 114 97 32 100 97 116 97 32 108 111 99 107 0 0 0 0 0 0 0 0 0 0 0 0 0 0 0 0 0 0 0 0 0 0 0 0 0 0 0 0 0 0 0 0 0 0 0 0 0 0 0 0 0 0 0 0 0 0 0 0 0 0 0 0 0 0 0 0 0 0 0 0 0 0 0 0 0 0 0 0 0 0 0 0 0 0 0 0 0 0 0 0 0 0 0 0 0 0 0 0 0 0 0 0 0 0 0 0 0 0 0 0 0 0 0 0 0 0 0 0 0 0 0 0 0 0 0 0 0 32 1 0 0 169 119 3 0 1 0 0 0 0 0 0 0 0 0 0 0 2 0 0 0 0 0 5 0 2 0 0 0 224 0 0 0 255 255 255 255 5 0 1 0 0 0 0 0 data 28 0x10005 0x0 0x2155a000 0x6ef3 0x2155b160 0x2 0x50005 0xa 0x1809d8a0 0x2a91 0x1809d950 0x445a 0xc0007 0x6ef5 0x50 0x0 0x100005 0x0 0x0 0x0 0x0 0x0 0x150005 0x56d4 0x1809da00 0x9db 0x2155b210 0xe46 oops 6 2 org/eclipse/jface/action/MenuManager 4 org/eclipse/mylyn/commons/workbench/TaskBarManager$TaskBarMenuManager 8 org/eclipse/ui/internal/WorkbenchWindow$3 10 org/eclipse/jface/action/MenuManager$1 24 org/eclipse/jface/action/GroupMarker 26 org/eclipse/jface/action/ActionContributionItem
ciMethodData org/eclipse/jface/action/ContributionManager getItems ()[Lorg/eclipse/jface/action/IContributionItem; 2 9486 orig 264 8 177 131 85 0 0 0 0 192 64 55 30 0 0 0 0 168 1 0 0 0 0 0 0 0 0 0 0 0 0 0 0 0 0 0 0 0 0 0 0 0 0 0 0 0 0 0 0 0 0 0 0 0 0 0 0 0 0 0 0 0 0 0 0 0 0 0 0 0 0 0 0 0 0 0 0 0 0 0 0 77 68 79 32 101 120 116 114 97 32 100 97 116 97 32 108 111 99 107 0 0 0 0 0 0 0 0 0 0 0 0 0 0 0 0 0 0 0 0 0 0 0 0 0 0 0 0 0 0 0 0 0 0 0 0 0 0 0 0 0 0 0 0 0 0 0 0 0 0 0 0 0 0 0 0 0 0 0 0 0 0 0 0 0 0 0 0 0 0 0 0 0 0 0 0 0 0 0 0 0 0 0 0 0 29 0 0 0 0 0 0 0 0 0 0 0 0 0 0 0 1 0 0 0 0 0 0 0 0 0 0 0 0 0 0 0 4 1 0 0 81 32 1 0 1 0 0 0 0 0 0 0 0 0 0 0 2 0 0 0 0 0 3 0 2 0 0 0 96 0 0 0 255 255 255 255 5 0 4 0 0 0 0 0 data 12 0x40005 0x0 0x2155b370 0x240a 0x0 0x0 0x120005 0x0 0x2155b370 0x240a 0x0 0x0 oops 2 2 java/util/ArrayList 8 java/util/ArrayList
ciMethodData org/eclipse/swt/widgets/Widget getData ()Ljava/lang/Object; 2 34869 orig 264 8 177 131 85 0 0 0 0 48 185 167 24 0 0 0 0 224 1 0 0 0 0 0 0 0 0 0 0 0 0 0 0 0 0 0 0 0 0 0 0 0 0 0 0 0 0 0 0 0 0 0 0 0 0 0 0 0 0 0 0 0 0 0 0 0 0 0 0 0 0 0 0 0 0 0 0 0 0 0 0 77 68 79 32 101 120 116 114 97 32 100 97 116 97 32 108 111 99 107 0 0 0 0 0 0 0 0 0 0 0 0 0 0 0 0 0 0 0 0 0 0 0 0 0 0 0 0 0 0 0 0 0 0 0 0 0 0 0 0 0 0 0 0 0 0 0 0 0 0 0 0 0 0 0 0 0 0 0 0 0 0 0 0 0 0 0 0 0 0 0 0 0 0 0 0 0 0 0 0 0 0 0 0 0 0 0 0 0 0 0 0 0 0 0 0 0 0 0 0 0 0 0 0 0 0 0 0 0 0 0 0 0 0 0 0 0 149 1 0 0 1 53 4 0 1 0 0 0 0 0 0 0 0 0 0 0 2 0 0 0 0 0 6 0 2 0 0 0 152 0 0 0 255 255 255 255 5 0 1 0 0 0 0 0 data 19 0x10005 0x2fa9 0x2155b420 0x4f7a 0x16687eb0 0x77d 0xa0007 0x5142 0x68 0x355e 0x110004 0x0 0x28b84540 0x355e 0x0 0x0 0x160003 0x355e 0x18 oops 3 2 org/eclipse/swt/widgets/MenuItem 4 org/eclipse/swt/widgets/ToolItem 12 [Ljava/lang/Object;
ciMethodData org/eclipse/swt/widgets/Menu getItemCount ()I 2 4223 orig 264 8 177 131 85 0 0 0 0 104 218 15 25 0 0 0 0 168 1 0 0 0 0 0 0 0 0 0 0 0 0 0 0 0 0 0 0 0 0 0 0 0 0 0 0 0 0 0 0 0 0 0 0 0 0 0 0 0 0 0 0 0 0 0 0 0 0 0 0 0 0 0 0 0 0 0 0 0 0 0 0 77 68 79 32 101 120 116 114 97 32 100 97 116 97 32 108 111 99 107 0 0 0 0 0 0 0 0 0 0 0 0 0 0 0 0 0 0 0 0 0 0 0 0 0 0 0 0 0 0 0 0 0 0 0 0 0 0 0 0 0 0 0 0 0 0 0 0 0 0 0 0 0 0 0 0 0 0 0 0 0 0 0 0 0 0 0 0 0 0 0 0 0 0 0 0 0 0 0 0 0 0 0 0 0 0 0 0 0 0 0 0 0 0 0 0 0 0 0 0 0 0 0 0 0 0 0 0 0 0 0 0 0 0 0 0 0 2 1 0 0 233 123 0 0 1 0 0 0 0 0 0 0 0 0 0 0 2 0 0 0 0 0 3 0 2 0 0 0 96 0 0 0 255 255 255 255 5 0 1 0 0 0 0 0 data 12 0x10005 0x0 0x28b811f0 0xf7d 0x0 0x0 0x90005 0x0 0x28b811f0 0xf7d 0x0 0x0 oops 2 2 org/eclipse/swt/widgets/Menu 8 org/eclipse/swt/widgets/Menu
ciMethodData org/eclipse/swt/widgets/Menu GetMenuItemCount (J)I 2 5500 orig 264 8 177 131 85 0 0 0 0 88 222 15 25 0 0 0 0 136 2 0 0 216 0 0 0 0 0 0 0 0 0 0 0 0 0 0 0 0 0 0 0 0 0 0 0 0 0 0 0 0 0 0 0 0 0 0 0 0 0 0 0 0 0 0 0 0 0 0 0 0 0 0 0 0 0 0 0 0 0 0 0 77 68 79 32 101 120 116 114 97 32 100 97 116 97 32 108 111 99 107 0 0 0 0 0 0 0 0 0 0 0 0 0 0 0 0 0 0 0 0 0 0 0 0 0 0 0 0 0 0 0 0 0 0 0 0 0 0 0 0 0 0 0 0 0 0 0 0 0 0 0 0 0 0 0 0 0 0 0 0 0 0 0 0 0 0 0 0 0 0 0 0 0 0 0 0 0 0 0 0 0 0 0 0 0 0 0 0 0 0 0 0 0 0 0 0 0 0 0 0 0 0 0 0 0 0 0 0 0 0 0 0 0 0 0 0 0 122 1 0 0 17 160 0 0 1 0 0 0 0 0 0 0 0 0 0 0 2 0 0 0 0 0 4 0 2 0 0 0 48 1 0 0 255 255 255 255 7 0 3 0 0 0 0 0 data 38 0x30007 0x1402 0x120 0x0 0x90007 0x0 0x40 0x0 0xf0007 0x0 0x88 0x0 0x180007 0x0 0x68 0x0 0x1e0007 0x0 0x38 0x0 0x220003 0x0 0x28 0x2e0002 0x0 0x390002 0x0 0x460003 0x0 0x18 0x510002 0x0 0x540007 0x0 0xfffffffffffffff0 0x0 0x5a0002 0x1402 oops 0
ciMethodData org/eclipse/swt/widgets/Widget sendEvent (I)V 2 22855 orig 264 8 177 131 85 0 0 0 0 64 212 167 24 0 0 0 0 128 1 0 0 0 0 0 0 0 0 0 0 0 0 0 0 0 0 0 0 0 0 0 0 0 0 0 0 0 0 0 0 0 0 0 0 0 0 0 0 0 0 0 0 0 0 0 0 0 0 0 0 0 0 0 0 0 0 0 0 0 0 0 0 77 68 79 32 101 120 116 114 97 32 100 97 116 97 32 108 111 99 107 0 0 0 0 0 0 0 0 0 0 0 0 0 0 0 0 0 0 0 0 0 0 0 0 0 0 0 0 0 0 0 0 0 0 0 0 0 0 0 0 0 0 0 0 0 0 0 0 0 0 0 0 0 0 0 0 0 0 0 0 0 0 0 0 0 0 0 0 0 0 0 0 0 0 0 0 0 0 0 0 0 0 0 0 0 17 0 0 0 0 0 0 0 0 0 0 0 0 0 0 0 0 0 0 0 0 0 0 0 0 0 0 0 0 0 0 0 220 0 0 0 89 195 2 0 1 0 0 0 0 0 0 0 0 0 0 0 2 0 0 0 0 0 3 0 2 0 0 0 48 0 0 0 255 255 255 255 5 0 4 0 0 0 0 0 data 6 0x40005 0x3b96 0x179311f0 0x6f1 0x17933450 0x15e4 oops 2 2 org/eclipse/swt/widgets/ToolBar 4 org/eclipse/swt/widgets/Composite
ciMethodData org/eclipse/jface/action/ContributionManager isDirty ()Z 2 5379 orig 264 8 177 131 85 0 0 0 0 0 75 55 30 0 0 0 0 0 3 0 0 160 0 0 0 0 0 0 0 0 0 0 0 0 0 0 0 0 0 0 0 0 0 0 0 0 0 0 0 0 0 0 0 0 0 0 0 0 0 0 0 0 0 0 0 0 0 0 0 0 0 0 0 0 0 0 0 0 0 0 0 77 68 79 32 101 120 116 114 97 32 100 97 116 97 32 108 111 99 107 0 0 0 0 0 0 0 0 0 0 0 0 0 0 0 0 0 0 0 0 0 0 0 0 0 0 0 0 0 0 0 0 0 0 0 0 0 0 0 0 0 0 0 0 0 0 0 0 0 0 0 0 0 0 0 0 0 0 0 0 0 0 0 0 0 0 0 0 0 0 0 0 0 0 0 0 0 0 0 0 0 0 0 0 0 0 0 0 0 0 0 0 0 0 0 0 0 0 0 0 0 0 0 0 0 0 0 0 0 0 0 0 0 0 0 0 0 0 1 0 0 25 160 0 0 1 0 0 0 0 0 0 0 0 0 0 0 2 0 0 0 1 0 16 0 2 0 0 0 184 1 0 0 255 255 255 255 7 0 4 0 0 0 0 0 data 55 0x40007 0x1329 0x20 0xda 0xa0005 0x97 0x28b7cbc0 0x126d 0x28b7cc70 0x25 0xd0007 0x1329 0x168 0x0 0x140005 0x0 0x0 0x0 0x0 0x0 0x1a0003 0x0 0xc8 0x1e0005 0x0 0x0 0x0 0x0 0x0 0x230004 0x0 0x0 0x0 0x0 0x0 0x280005 0x0 0x0 0x0 0x0 0x0 0x2d0007 0x0 0x20 0x0 0x330005 0x0 0x0 0x0 0x0 0x0 0x380007 0x0 0xffffffffffffff20 0x0 oops 2 6 org/eclipse/jface/action/ToolBarManager 8 org/eclipse/jface/internal/provisional/action/ToolBarManager2
ciMethodData org/eclipse/jface/action/ContributionManager hasDynamicItems ()Z 2 4950 orig 264 8 177 131 85 0 0 0 0 224 66 55 30 0 0 0 0 64 1 0 0 0 0 0 0 0 0 0 0 0 0 0 0 0 0 0 0 0 0 0 0 0 0 0 0 0 0 0 0 0 0 0 0 0 0 0 0 0 0 0 0 0 0 0 0 0 0 0 0 0 0 0 0 0 0 0 0 0 0 0 0 77 68 79 32 101 120 116 114 97 32 100 97 116 97 32 108 111 99 107 0 0 0 0 0 0 0 0 0 0 0 0 0 0 0 0 0 0 0 0 0 0 0 0 0 0 0 0 0 0 0 0 0 0 0 0 0 0 0 0 0 0 0 0 0 0 0 0 0 0 0 0 0 0 0 0 0 0 0 0 0 0 0 0 0 0 0 0 0 0 0 0 0 0 0 0 0 0 0 0 0 0 0 0 0 0 0 0 0 0 0 0 0 0 0 0 0 0 0 0 0 0 0 0 0 0 0 0 0 0 0 0 0 0 0 0 0 45 0 0 0 73 153 0 0 1 0 0 0 0 0 0 0 0 0 0 0 2 0 0 0 0 0 0 0 0 0 0 0 32 0 0 0 255 255 255 255 7 0 4 0 0 0 0 0 data 4 0x40007 0x1329 0x20 0x0 oops 0
ciMethodData org/eclipse/swt/widgets/MenuItem getEnabled ()Z 0 0 orig 264 8 177 131 85 0 0 0 0 104 97 15 25 0 0 0 0 176 3 0 0 24 2 0 0 0 0 0 0 0 0 0 0 0 0 0 0 0 0 0 0 0 0 0 0 0 0 0 0 0 0 0 0 0 0 0 0 0 0 0 0 0 0 0 0 0 0 0 0 0 0 0 0 0 0 0 0 0 0 0 0 77 68 79 32 101 120 116 114 97 32 100 97 116 97 32 108 111 99 107 0 0 0 0 0 0 0 0 0 0 0 0 0 0 0 0 0 0 0 0 0 0 0 0 0 0 0 0 0 0 0 0 0 0 0 0 0 0 0 0 0 0 0 0 0 0 0 0 0 0 0 0 0 0 0 0 0 0 0 0 0 0 0 0 0 0 0 0 0 0 0 0 0 0 0 0 0 0 0 0 0 0 0 0 0 0 0 0 0 0 0 0 0 0 0 0 0 0 0 0 0 0 0 0 0 0 0 0 0 0 0 0 0 0 0 0 0 67 0 0 0 145 79 0 0 1 0 0 0 0 0 0 0 0 0 0 0 2 0 0 0 0 0 18 0 2 0 0 0 104 2 0 0 255 255 255 255 5 0 1 0 0 0 0 0 data 77 0x10005 0x0 0x2155b420 0x9f2 0x0 0x0 0x70007 0x0 0x40 0x9f2 0xd0007 0x9f2 0x80 0x0 0x190007 0x0 0x60 0x0 0x280002 0x0 0x420002 0x0 0x4c0007 0x0 0x20 0x0 0x590007 0x9f1 0x40 0x1 0x630007 0x0 0x20 0x1 0x760002 0x9f1 0x890007 0x9f1 0xc8 0x0 0x910005 0xca57ffd8ca57ffd8 0xca57ffd8 0x0 0x0 0x0 0x990007 0x0 0x50 0x0 0x9f0005 0x0 0x0 0x0 0x0 0x0 0xa70002 0x0 0xac0003 0x0 0x28 0xb60002 0x9f1 0xbd0007 0x9f1 0x50 0x0 0xc30005 0x0 0x0 0x0 0x0 0x0 0xcc0007 0x2bb 0x20 0x736 oops 2 2 org/eclipse/swt/widgets/MenuItem